{
  "RSpec": {
    "coverage": {
      "/home/pedrocer/personal-projects/code/OTES12/config/environment.rb": [
        null,
        1,
        null,
        null,
        1
      ],
      "/home/pedrocer/personal-projects/code/OTES12/config/application.rb": [
        1,
        null,
        1,
        null,
        null,
        null,
        1,
        null,
        1,
        1,
        null,
        1,
        1,
        null,
        null,
        null,
        null,
        null,
        null,
        null
      ],
      "/home/pedrocer/personal-projects/code/OTES12/config/boot.rb": [
        1,
        null,
        1,
        1
      ],
      "/home/pedrocer/personal-projects/code/OTES12/config/environments/test.rb": [
        1,
        null,
        null,
        null,
        null,
        null,
        null,
        1,
        null,
        null,
        null,
        null,
        1,
        null,
        null,
        1,
        1,
        null,
        null,
        null,
        null,
        1,
        1,
        null,
        null,
        1,
        null,
        null,
        1,
        null,
        null,
        1,
        null,
        1,
        null,
        null,
        null,
        null,
        1,
        null,
        null,
        1,
        null,
        null,
        null,
        null
      ],
      "/home/pedrocer/personal-projects/code/OTES12/config/initializers/application_controller_renderer.rb": [
        null,
        null,
        null,
        null,
        null,
        null,
        null,
        null
      ],
      "/home/pedrocer/personal-projects/code/OTES12/config/initializers/assets.rb": [
        null,
        null,
        null,
        1,
        null,
        null,
        null,
        null,
        1,
        null,
        null,
        null,
        null,
        null
      ],
      "/home/pedrocer/personal-projects/code/OTES12/config/initializers/backtrace_silencers.rb": [
        null,
        null,
        null,
        null,
        null,
        null,
        null
      ],
      "/home/pedrocer/personal-projects/code/OTES12/config/initializers/content_security_policy.rb": [
        null,
        null,
        null,
        null,
        null,
        null,
        null,
        null,
        null,
        null,
        null,
        null,
        null,
        null,
        null,
        null,
        null,
        null,
        null,
        null,
        null,
        null,
        null,
        null,
        null
      ],
      "/home/pedrocer/personal-projects/code/OTES12/config/initializers/cookies_serializer.rb": [
        null,
        null,
        null,
        null,
        1
      ],
      "/home/pedrocer/personal-projects/code/OTES12/config/initializers/filter_parameter_logging.rb": [
        null,
        null,
        null,
        1
      ],
      "/home/pedrocer/personal-projects/code/OTES12/config/initializers/inflections.rb": [
        null,
        null,
        null,
        null,
        null,
        null,
        null,
        null,
        null,
        null,
        null,
        null,
        null,
        null,
        null,
        null
      ],
      "/home/pedrocer/personal-projects/code/OTES12/config/initializers/mime_types.rb": [
        null,
        null,
        null,
        null
      ],
      "/home/pedrocer/personal-projects/code/OTES12/config/initializers/wrap_parameters.rb": [
        null,
        null,
        null,
        null,
        null,
        null,
        1,
        1,
        null,
        null,
        null,
        null,
        null,
        null
      ],
      "/home/pedrocer/personal-projects/code/OTES12/config/routes.rb": [
        1,
        1,
        null,
        null,
        null
      ],
      "/home/pedrocer/personal-projects/code/OTES12/app/builders/person_builder_director.rb": [
        1,
        1,
        23,
        null,
        null,
        1,
        23,
        null,
        23,
        null,
        10,
        9,
        9,
        9,
        null,
        null,
        5,
        4,
        4,
        null,
        null,
        8,
        7,
        null,
        null,
        null,
        null
      ],
      "/home/pedrocer/personal-projects/code/OTES12/app/components/composites/person_bank.rb": [
        1,
        1,
        1,
        15,
        15,
        15,
        null,
        15,
        null,
        null,
        1,
        20,
        20,
        null,
        20,
        60,
        null,
        null,
        20,
        null,
        null,
        1,
        17,
        null,
        null,
        null,
        null,
        null,
        17,
        null,
        null,
        1,
        2,
        null,
        null,
        1,
        3,
        null,
        null,
        1,
        13,
        13,
        13,
        null,
        13,
        null,
        null,
        null
      ],
      "/home/pedrocer/personal-projects/code/OTES12/app/components/person_component.rb": [
        1,
        1,
        209,
        73,
        null,
        136,
        null,
        null,
        null,
        1,
        42,
        null,
        null,
        1,
        1,
        null,
        null,
        1,
        1,
        null,
        null
      ],
      "/home/pedrocer/personal-projects/code/OTES12/app/components/composites/person_basic.rb": [
        1,
        1,
        1,
        22,
        22,
        22,
        null,
        22,
        null,
        null,
        1,
        23,
        null,
        null,
        1,
        1,
        null,
        null,
        1,
        22,
        22,
        null,
        21,
        null,
        null,
        null
      ],
      "/home/pedrocer/personal-projects/code/OTES12/app/components/composites/person_credit_card.rb": [
        1,
        1,
        1,
        15,
        15,
        15,
        null,
        15,
        null,
        null,
        1,
        20,
        20,
        null,
        20,
        40,
        null,
        null,
        20,
        null,
        null,
        1,
        17,
        null,
        null,
        null,
        null,
        17,
        null,
        null,
        1,
        2,
        null,
        null,
        1,
        3,
        null,
        null,
        1,
        13,
        13,
        null,
        13,
        null,
        null,
        null
      ],
      "/home/pedrocer/personal-projects/code/OTES12/app/components/composites/person_financial.rb": [
        1,
        1,
        1,
        11,
        11,
        11,
        null,
        11,
        null,
        null,
        1,
        12,
        null,
        null,
        1,
        1,
        null,
        null,
        1,
        11,
        11,
        null,
        11,
        null,
        null,
        null
      ],
      "/home/pedrocer/personal-projects/code/OTES12/app/components/composites/person_personal.rb": [
        1,
        1,
        1,
        17,
        17,
        17,
        null,
        17,
        null,
        null,
        1,
        22,
        22,
        null,
        22,
        44,
        null,
        null,
        22,
        null,
        null,
        1,
        19,
        null,
        null,
        null,
        null,
        19,
        null,
        null,
        1,
        2,
        null,
        null,
        1,
        3,
        null,
        null,
        1,
        15,
        15,
        null,
        15,
        null,
        null,
        null
      ],
      "/home/pedrocer/personal-projects/code/OTES12/app/components/leafs/person_bank_account_number.rb": [
        1,
        1,
        1,
        null,
        1,
        null,
        1,
        17,
        17,
        null,
        17,
        null,
        null,
        1,
        6,
        null,
        null,
        1,
        19,
        null,
        19,
        null,
        19,
        null,
        null,
        1,
        16,
        null,
        null,
        null
      ],
      "/home/pedrocer/personal-projects/code/OTES12/app/components/leafs/person_bank_agency_number.rb": [
        1,
        1,
        1,
        null,
        1,
        null,
        1,
        17,
        17,
        null,
        17,
        null,
        null,
        1,
        4,
        null,
        null,
        1,
        19,
        null,
        19,
        null,
        19,
        null,
        null,
        1,
        14,
        null,
        null,
        null
      ],
      "/home/pedrocer/personal-projects/code/OTES12/app/components/leafs/person_bank_name.rb": [
        1,
        1,
        1,
        null,
        1,
        null,
        1,
        17,
        17,
        null,
        17,
        null,
        null,
        1,
        6,
        null,
        null,
        1,
        19,
        null,
        19,
        null,
        null,
        1,
        16,
        null,
        null,
        null
      ],
      "/home/pedrocer/personal-projects/code/OTES12/app/components/leafs/person_cpf.rb": [
        1,
        1,
        1,
        null,
        1,
        null,
        1,
        19,
        19,
        null,
        19,
        null,
        null,
        1,
        4,
        null,
        null,
        1,
        21,
        null,
        21,
        null,
        21,
        null,
        null,
        1,
        18,
        null,
        null,
        null
      ],
      "/home/pedrocer/personal-projects/code/OTES12/app/components/leafs/person_credit_card_flag.rb": [
        1,
        1,
        1,
        null,
        1,
        null,
        1,
        17,
        17,
        null,
        17,
        null,
        null,
        1,
        6,
        null,
        null,
        1,
        19,
        null,
        19,
        null,
        null,
        1,
        16,
        null,
        null,
        null
      ],
      "/home/pedrocer/personal-projects/code/OTES12/app/components/leafs/person_credit_card_number.rb": [
        1,
        1,
        1,
        null,
        1,
        null,
        1,
        17,
        17,
        null,
        17,
        null,
        null,
        1,
        6,
        null,
        null,
        1,
        19,
        null,
        19,
        null,
        19,
        null,
        null,
        1,
        16,
        null,
        null,
        null
      ],
      "/home/pedrocer/personal-projects/code/OTES12/app/components/leafs/person_email.rb": [
        1,
        1,
        1,
        null,
        1,
        26,
        26,
        null,
        26,
        null,
        null,
        1,
        2,
        null,
        null,
        1,
        28,
        null,
        null,
        1,
        22,
        null,
        null,
        null
      ],
      "/home/pedrocer/personal-projects/code/OTES12/app/components/leafs/person_name.rb": [
        1,
        1,
        1,
        null,
        1,
        17,
        17,
        null,
        17,
        null,
        null,
        1,
        18,
        null,
        18,
        null,
        null,
        1,
        14,
        null,
        null,
        null
      ],
      "/home/pedrocer/personal-projects/code/OTES12/app/components/leafs/person_type.rb": [
        1,
        1,
        1,
        null,
        1,
        null,
        1,
        26,
        26,
        null,
        26,
        null,
        null,
        1,
        2,
        null,
        null,
        1,
        28,
        null,
        19,
        null,
        null,
        1,
        22,
        null,
        null,
        null
      ],
      "/home/pedrocer/personal-projects/code/OTES12/app/controllers/people_controller.rb": [
        1,
        1,
        null,
        1,
        3,
        null,
        2,
        0,
        null,
        2,
        2,
        null,
        null,
        1,
        null,
        null,
        1,
        2,
        null,
        2,
        1,
        null,
        1,
        null,
        null,
        null,
        1,
        3,
        3,
        null,
        3,
        null,
        3,
        6,
        null,
        null,
        3,
        3,
        3,
        null,
        2,
        null,
        2,
        2,
        null,
        0,
        null,
        null,
        1,
        2,
        null,
        2,
        null,
        1,
        1,
        null,
        0,
        null,
        null,
        1,
        4,
        null,
        4,
        null,
        2,
        null,
        null,
        1,
        null,
        1,
        16,
        null,
        null
      ],
      "/home/pedrocer/personal-projects/code/OTES12/app/models/person.rb": [
        1,
        1,
        null,
        1,
        97,
        null,
        null
      ],
      "/home/pedrocer/personal-projects/code/OTES12/app/builders/person_builder.rb": [
        1,
        1,
        20,
        20,
        null,
        null,
        1,
        20,
        20,
        19,
        null,
        null,
        1,
        20,
        null,
        null,
        1,
        13,
        null,
        null,
        1,
        9,
        null,
        null,
        1,
        19,
        null,
        19,
        null,
        null,
        1,
        null,
        1,
        19,
        null,
        19,
        109,
        null,
        null,
        19,
        null,
        null
      ],
      "/home/pedrocer/personal-projects/code/OTES12/app/builders/person_builder_interface.rb": [
        1,
        1,
        0,
        null,
        null,
        1,
        0,
        null,
        null,
        1,
        0,
        null,
        null,
        1,
        0,
        null,
        null,
        1,
        0,
        null,
        null
      ],
      "/home/pedrocer/personal-projects/code/OTES12/app/clients/database_client.rb": [
        1,
        1,
        13,
        null,
        null,
        1,
        2,
        null,
        null,
        1,
        7,
        null,
        null,
        1,
        2,
        null,
        null,
        1,
        1,
        null,
        null,
        1,
        4,
        null,
        null
      ],
      "/home/pedrocer/personal-projects/code/OTES12/app/adapters/database_adaptor.rb": [
        1,
        1,
        13,
        null,
        null,
        1,
        2,
        null,
        null,
        1,
        7,
        null,
        null,
        1,
        2,
        null,
        null,
        1,
        1,
        null,
        null,
        1,
        4,
        null,
        null
      ],
      "/home/pedrocer/personal-projects/code/OTES12/app/adapters/postgres_adaptee.rb": [
        1,
        1,
        2,
        null,
        null,
        1,
        7,
        null,
        7,
        null,
        5,
        null,
        null,
        1,
        2,
        null,
        null,
        1,
        1,
        null,
        null,
        1,
        4,
        2,
        null,
        2,
        null,
        null,
        null
      ]
    },
    "timestamp": 1574020775
  }
}
